[18:42:37.167 [main] INFO  sample-application: com.example.combackend.CombackendApplication - Starting CombackendApplication using Java 11.0.12 on DESKTOP-C4FN0RV with PID 14568 (C:\Users\mndpd\IdeaProjects\combackend\target\classes started by mndpd in C:\Users\mndpd\IdeaProjects\combackend)
[18:42:37.172 [main] INFO  sample-application: com.example.combackend.CombackendApplication - The following 1 profile is active: "dev2"
[18:42:37.477 [main] INFO  sample-application: org.springframework.data.repository.config.RepositoryConfigurationDelegate - Bootstrapping Spring Data JPA repositories in DEFAULT mode.
[18:42:37.520 [main] INFO  sample-application: org.springframework.data.repository.config.RepositoryConfigurationDelegate - Finished Spring Data repository scanning in 26 ms. Found 1 JPA repository interfaces.
[18:42:37.764 [main] INFO  sample-application: org.springframework.boot.web.embedded.tomcat.TomcatWebServer - Tomcat initialized with port(s): 8081 (http)
[18:42:37.772 [main] INFO  sample-application: org.apache.coyote.http11.Http11NioProtocol - Initializing ProtocolHandler ["http-nio-8081"]
[18:42:37.773 [main] INFO  sample-application: org.apache.catalina.core.StandardService - Starting service [Tomcat]
[18:42:37.773 [main] INFO  sample-application: org.apache.catalina.core.StandardEngine - Starting Servlet engine: [Apache Tomcat/9.0.65]
[18:42:37.840 [main] INFO  sample-application: org.apache.catalina.core.ContainerBase.[Tomcat].[localhost].[/] - Initializing Spring embedded WebApplicationContext
[18:42:37.840 [main] INFO  sample-application: org.springframework.boot.web.servlet.context.ServletWebServerApplicationContext - Root WebApplicationContext: initialization completed in 646 ms
[18:42:37.904 [main] INFO  sample-application: org.hibernate.jpa.internal.util.LogHelper - HHH000204: Processing PersistenceUnitInfo [name: default]
[18:42:37.926 [main] INFO  sample-application: org.hibernate.Version - HHH000412: Hibernate ORM core version 5.6.11.Final
[18:42:37.994 [main] INFO  sample-application: org.hibernate.annotations.common.Version - HCANN000001: Hibernate Commons Annotations {5.1.2.Final}
[18:42:38.048 [main] INFO  sample-application: com.zaxxer.hikari.HikariDataSource - HikariPool-1 - Starting...
[18:42:38.752 [main] INFO  sample-application: com.zaxxer.hikari.HikariDataSource - HikariPool-1 - Start completed.
[18:42:38.762 [main] INFO  sample-application: org.hibernate.dialect.Dialect - HHH000400: Using dialect: org.hibernate.dialect.MySQL5Dialect
[18:42:39.109 [main] INFO  sample-application: org.hibernate.engine.transaction.jta.platform.internal.JtaPlatformInitiator - HHH000490: Using JtaPlatform implementation: [org.hibernate.engine.transaction.jta.platform.internal.NoJtaPlatform]
[18:42:39.114 [main] INFO  sample-application: org.springframework.orm.jpa.LocalContainerEntityManagerFactoryBean - Initialized JPA EntityManagerFactory for persistence unit 'default'
[18:42:39.250 [main] WARN  sample-application: org.springframework.boot.autoconfigure.orm.jpa.JpaBaseConfiguration$JpaWebConfiguration - spring.jpa.open-in-view is enabled by default. Therefore, database queries may be performed during view rendering. Explicitly configure spring.jpa.open-in-view to disable this warning
[18:42:39.440 [main] INFO  sample-application: org.apache.coyote.http11.Http11NioProtocol - Starting ProtocolHandler ["http-nio-8081"]
[18:42:39.452 [main] INFO  sample-application: org.springframework.boot.web.embedded.tomcat.TomcatWebServer - Tomcat started on port(s): 8081 (http) with context path ''
[18:42:39.458 [main] INFO  sample-application: com.example.combackend.CombackendApplication - Started CombackendApplication in 2.505 seconds (JVM running for 3.371)
[18:42:56.532 [http-nio-8081-exec-1] INFO  sample-application: org.apache.catalina.core.ContainerBase.[Tomcat].[localhost].[/] - Initializing Spring DispatcherServlet 'dispatcherServlet'
[18:42:56.532 [http-nio-8081-exec-1] INFO  sample-application: org.springframework.web.servlet.DispatcherServlet - Initializing Servlet 'dispatcherServlet'
[18:42:56.533 [http-nio-8081-exec-1] INFO  sample-application: org.springframework.web.servlet.DispatcherServlet - Completed initialization in 1 ms
[18:42:56.560 [http-nio-8081-exec-1] INFO  sample-application: com.example.combackend.TestingPackage.TestingController - api is called
[18:42:56.784 [http-nio-8081-exec-1] INFO  sample-application: com.example.combackend.TestingPackage.TestingController - Api gives the error
[18:45:45.819 [SpringApplicationShutdownHook] INFO  sample-application: org.springframework.orm.jpa.LocalContainerEntityManagerFactoryBean - Closing JPA EntityManagerFactory for persistence unit 'default'
[18:45:45.821 [SpringApplicationShutdownHook] INFO  sample-application: com.zaxxer.hikari.HikariDataSource - HikariPool-1 - Shutdown initiated...
[18:45:46.189 [SpringApplicationShutdownHook] INFO  sample-application: com.zaxxer.hikari.HikariDataSource - HikariPool-1 - Shutdown completed.
